<?xml version="1.0" encoding="UTF-8"?>
<!-- Generated by org.testng.reporters.JUnitReportReporter -->
<testsuite hostname="Compumatrice" name="test_collection.Main_Grid" tests="17" failures="0" timestamp="10 Jul 2017 11:24:42 GMT" time="2584.496" errors="0">
  <testcase name="login" time="25.921" classname="test_collection.Main_Grid"/>
  <testcase name="Check_calendar" time="117.359" classname="test_collection.Main_Grid"/>
  <testcase name="Date_Range" time="59.179" classname="test_collection.Main_Grid"/>
  <testcase name="Check_Recently_Viewed_Reports" time="166.236" classname="test_collection.Main_Grid"/>
  <testcase name="Check_Header_Menus" time="167.137" classname="test_collection.Main_Grid"/>
  <testcase name="Check_Support_Help_Button" time="102.400" classname="test_collection.Main_Grid"/>
  <testcase name="check_project" time="198.633" classname="test_collection.Main_Grid"/>
  <testcase name="Check_Company_Logo" time="113.483" classname="test_collection.Main_Grid"/>
  <testcase name="Check_Other_Menus" time="263.060" classname="test_collection.Main_Grid"/>
  <testcase name="Search_Project_Dropdown" time="86.437" classname="test_collection.Main_Grid"/>
  <testcase name="Check_Start_Menus" time="48.421" classname="test_collection.Main_Grid"/>
  <testcase name="Check_status" time="34.479" classname="test_collection.Main_Grid"/>
  <testcase name="create_project" time="46.548" classname="test_collection.Main_Grid"/>
  <testcase name="allreports_list" time="5.613" classname="test_collection.Main_Grid"/>
  <testcase name="Check_Page_Headers" time="571.136" classname="test_collection.Main_Grid"/>
  <testcase name="Check_Grid_Control" time="219.693" classname="test_collection.Main_Grid"/>
  <testcase name="search_project" time="358.761" classname="test_collection.Main_Grid"/>
</testsuite> <!-- test_collection.Main_Grid -->
