<?xml version="1.0" encoding="UTF-8"?>
<!-- Generated by org.testng.reporters.JUnitReportReporter -->
<testsuite hostname="compumatrice" name="appendices.Main_Appendices" tests="19" failures="0" timestamp="11 Jan 2017 10:29:39 GMT" time="2092.668" errors="0">
  <testcase name="Add_Comment" time="167.598" classname="appendices.Main_Appendices"/>
  <testcase name="Check_Checkboxes_Functionality" time="139.061" classname="appendices.Main_Appendices"/>
  <testcase name="Send_Questionnaire_Email" time="65.956" classname="appendices.Main_Appendices"/>
  <testcase name="View_Image" time="64.979" classname="appendices.Main_Appendices"/>
  <testcase name="Check_Section_Dropdown" time="92.977" classname="appendices.Main_Appendices"/>
  <testcase name="Add_ADA_Checklist" time="290.676" classname="appendices.Main_Appendices"/>
  <testcase name="Refresh_OpenAll_CloseAll_Delete_Functionality" time="80.420" classname="appendices.Main_Appendices"/>
  <testcase name="Check_PDF_Exclude_Include_Sort_Delete" time="95.932" classname="appendices.Main_Appendices"/>
  <testcase name="Check_Upload_PDF" time="181.401" classname="appendices.Main_Appendices"/>
  <testcase name="Add_Communication_Record" time="71.122" classname="appendices.Main_Appendices"/>
  <testcase name="Add_Image" time="91.389" classname="appendices.Main_Appendices"/>
  <testcase name="Include_Exclude_Zoom_Delete_Options" time="51.384" classname="appendices.Main_Appendices"/>
  <testcase name="Check_Comments_Subtab" time="52.352" classname="appendices.Main_Appendices"/>
  <testcase name="Add_User_Questionnaire" time="153.822" classname="appendices.Main_Appendices"/>
  <testcase name="Check_Appendices_Tab" time="189.302" classname="appendices.Main_Appendices"/>
  <testcase name="Add_FHA_Checklist" time="154.443" classname="appendices.Main_Appendices"/>
  <testcase name="Drag_And_Drop_Image" time="27.108" classname="appendices.Main_Appendices"/>
  <testcase name="login" time="24.501" classname="appendices.Main_Appendices"/>
  <testcase name="Edit_All_Option" time="98.245" classname="appendices.Main_Appendices"/>
</testsuite> <!-- appendices.Main_Appendices -->
