<?xml version="1.0" encoding="UTF-8"?>
<!-- Generated by org.testng.reporters.JUnitReportReporter -->
<testsuite hostname="compumatrice" name="appendices.Main_Appendices" tests="19" failures="0" timestamp="11 Apr 2017 06:20:27 GMT" time="2017.800" errors="0">
  <testcase name="Drag_And_Drop_Image" time="27.387" classname="appendices.Main_Appendices"/>
  <testcase name="Check_PDF_Exclude_Include_Sort_Delete" time="96.959" classname="appendices.Main_Appendices"/>
  <testcase name="Add_Communication_Record" time="72.704" classname="appendices.Main_Appendices"/>
  <testcase name="Edit_All_Option" time="99.708" classname="appendices.Main_Appendices"/>
  <testcase name="Include_Exclude_Zoom_Delete_Options" time="52.313" classname="appendices.Main_Appendices"/>
  <testcase name="Refresh_OpenAll_CloseAll_Delete_Functionality" time="65.394" classname="appendices.Main_Appendices"/>
  <testcase name="Add_FHA_Checklist" time="163.671" classname="appendices.Main_Appendices"/>
  <testcase name="Check_Upload_PDF" time="169.947" classname="appendices.Main_Appendices"/>
  <testcase name="Add_User_Questionnaire" time="161.566" classname="appendices.Main_Appendices"/>
  <testcase name="Add_Image" time="91.934" classname="appendices.Main_Appendices"/>
  <testcase name="Check_Comments_Subtab" time="53.086" classname="appendices.Main_Appendices"/>
  <testcase name="Check_Section_Dropdown" time="94.145" classname="appendices.Main_Appendices"/>
  <testcase name="Send_Questionnaire_Email" time="67.276" classname="appendices.Main_Appendices"/>
  <testcase name="login" time="26.709" classname="appendices.Main_Appendices"/>
  <testcase name="Add_Comment" time="173.656" classname="appendices.Main_Appendices"/>
  <testcase name="Check_Checkboxes_Functionality" time="86.223" classname="appendices.Main_Appendices"/>
  <testcase name="Check_Appendices_Tab" time="132.223" classname="appendices.Main_Appendices"/>
  <testcase name="View_Image" time="65.576" classname="appendices.Main_Appendices"/>
  <testcase name="Add_ADA_Checklist" time="317.323" classname="appendices.Main_Appendices"/>
</testsuite> <!-- appendices.Main_Appendices -->
