<?xml version="1.0" encoding="UTF-8"?>
<!-- Generated by org.testng.reporters.JUnitReportReporter -->
<testsuite hostname="H8" name="testColection.Tests1" tests="22" failures="0" timestamp="1 Mar 2017 13:08:23 GMT" time="1430.478" errors="0">
  <testcase name="testMethod9" time="21.502" classname="testColection.Tests1"/>
  <testcase name="testMethod12" time="33.477" classname="testColection.Tests1"/>
  <testcase name="testMethod4" time="28.132" classname="testColection.Tests1"/>
  <testcase name="testMethod20" time="77.690" classname="testColection.Tests1"/>
  <testcase name="testMethod11" time="77.511" classname="testColection.Tests1"/>
  <testcase name="testMethod6" time="64.757" classname="testColection.Tests1"/>
  <testcase name="testMethod15" time="31.709" classname="testColection.Tests1"/>
  <testcase name="testMethod18" time="21.541" classname="testColection.Tests1"/>
  <testcase name="testMethod19" time="50.842" classname="testColection.Tests1"/>
  <testcase name="testMethod10" time="47.848" classname="testColection.Tests1"/>
  <testcase name="testMethod7" time="40.997" classname="testColection.Tests1"/>
  <testcase name="testMethod5" time="107.489" classname="testColection.Tests1"/>
  <testcase name="testMethod8" time="12.421" classname="testColection.Tests1"/>
  <testcase name="testMethod22" time="220.008" classname="testColection.Tests1"/>
  <testcase name="testLogin" time="24.506" classname="testColection.Tests1"/>
  <testcase name="testMethod21" time="33.618" classname="testColection.Tests1"/>
  <testcase name="testMethod13" time="215.435" classname="testColection.Tests1"/>
  <testcase name="testMethod2" time="21.110" classname="testColection.Tests1"/>
  <testcase name="testLogin14" time="17.011" classname="testColection.Tests1"/>
  <testcase name="testMethod17" time="137.869" classname="testColection.Tests1"/>
  <testcase name="testMethod16" time="125.419" classname="testColection.Tests1"/>
  <testcase name="testMethod1" time="19.586" classname="testColection.Tests1"/>
</testsuite> <!-- testColection.Tests1 -->
