<?xml version="1.0" encoding="UTF-8"?>
<!-- Generated by org.testng.reporters.JUnitReportReporter -->
<testsuite hostname="H8" name="testColection.Tests2" tests="3" failures="0" timestamp="23 Nov 2016 13:36:09 GMT" time="32.766" errors="0">
  <testcase name="testMethod2" time="1.178" classname="testColection.Tests2"/>
  <testcase name="testLogin" time="30.438" classname="testColection.Tests2"/>
  <testcase name="testMethod1" time="1.150" classname="testColection.Tests2"/>
</testsuite> <!-- testColection.Tests2 -->
