<?xml version="1.0" encoding="UTF-8"?>
<!-- Generated by org.testng.reporters.JUnitReportReporter -->
<testsuite skipped="0" hostname="H8" name="testColection.Tests1" tests="22" failures="0" timestamp="12 May 2017 14:14:21 GMT" time="1522.347" errors="0">
  <testcase name="testLogin" time="28.575" classname="testColection.Tests1"/>
  <testcase name="testMethod1" time="17.187" classname="testColection.Tests1"/>
  <testcase name="testMethod2" time="20.726" classname="testColection.Tests1"/>
  <testcase name="testMethod4" time="31.513" classname="testColection.Tests1"/>
  <testcase name="testMethod5" time="103.554" classname="testColection.Tests1"/>
  <testcase name="testMethod6" time="64.753" classname="testColection.Tests1"/>
  <testcase name="testMethod7" time="52.406" classname="testColection.Tests1"/>
  <testcase name="testMethod8" time="12.653" classname="testColection.Tests1"/>
  <testcase name="testMethod9" time="23.439" classname="testColection.Tests1"/>
  <testcase name="testMethod10" time="49.099" classname="testColection.Tests1"/>
  <testcase name="testMethod11" time="102.594" classname="testColection.Tests1"/>
  <testcase name="testMethod12" time="33.702" classname="testColection.Tests1"/>
  <testcase name="testMethod13" time="216.051" classname="testColection.Tests1"/>
  <testcase name="testLogin14" time="23.532" classname="testColection.Tests1"/>
  <testcase name="testMethod15" time="39.396" classname="testColection.Tests1"/>
  <testcase name="testMethod16" time="124.820" classname="testColection.Tests1"/>
  <testcase name="testMethod17" time="143.391" classname="testColection.Tests1"/>
  <testcase name="testMethod18" time="24.347" classname="testColection.Tests1"/>
  <testcase name="testMethod19" time="49.590" classname="testColection.Tests1"/>
  <testcase name="testMethod20" time="102.022" classname="testColection.Tests1"/>
  <testcase name="testMethod21" time="34.384" classname="testColection.Tests1"/>
  <testcase name="testMethod22" time="224.613" classname="testColection.Tests1"/>
</testsuite> <!-- testColection.Tests1 -->
