<?xml version="1.0" encoding="UTF-8"?>
<!-- Generated by org.testng.reporters.JUnitReportReporter -->
<testsuite skipped="0" hostname="Compumatrice" name="test_collection.Report_Writing_Tests" tests="18" failures="0" timestamp="05 May 2017 09:36:45 GMT" time="1913.355" errors="1">
  <testcase name="startbrowser" time="11.589" classname="test_collection.Report_Writing_Tests"/>
  <testcase name="Login" time="20.245" classname="test_collection.Report_Writing_Tests"/>
  <testcase name="All_SectionMode" time="88.757" classname="test_collection.Report_Writing_Tests"/>
  <testcase name="Edit_Tinymce_Editor" time="120.803" classname="test_collection.Report_Writing_Tests"/>
  <testcase name="Black_All" time="158.001" classname="test_collection.Report_Writing_Tests"/>
  <testcase name="Highlight_Veriable" time="30.036" classname="test_collection.Report_Writing_Tests"/>
  <testcase name="Save_All" time="667.981" classname="test_collection.Report_Writing_Tests"/>
  <testcase name="Show_Next_Previous_Section" time="9.459" classname="test_collection.Report_Writing_Tests"/>
  <testcase name="Drag_Drop_Library" time="29.220" classname="test_collection.Report_Writing_Tests"/>
  <testcase name="Add_Edit_Comments" time="129.914" classname="test_collection.Report_Writing_Tests"/>
  <testcase name="Add_Address" time="20.563" classname="test_collection.Report_Writing_Tests"/>
  <testcase name="All_Sections_Comments" time="70.858" classname="test_collection.Report_Writing_Tests"/>
  <testcase name="Refresh_OpenAll_CloseAll_SelectAll_Delete_Functionality" time="83.989" classname="test_collection.Report_Writing_Tests"/>
  <testcase name="Drag_Drop_History" time="44.556" classname="test_collection.Report_Writing_Tests"/>
  <testcase name="Spellcheck_Replace_Functionality" time="95.203" classname="test_collection.Report_Writing_Tests"/>
  <testcase name="Find_Replace_Functionality" time="163.098" classname="test_collection.Report_Writing_Tests"/>
  <testcase name="Veriable_Replacer" time="59.070" classname="test_collection.Report_Writing_Tests">
    <error type="java.lang.NullPointerException">
      <![CDATA[java.lang.NullPointerException
	at test_cases.Tools.Highlight_Section(Tools.java:112)
	at test_cases.Tools.Variable_Replacer(Tools.java:197)
	at test_collection.Report_Writing_Tests.Veriable_Replacer(Report_Writing_Tests.java:119)
	at sun.reflect.NativeMethodAccessorImpl.invoke0(Native Method)
	at sun.reflect.NativeMethodAccessorImpl.invoke(NativeMethodAccessorImpl.java:62)
	at sun.reflect.DelegatingMethodAccessorImpl.invoke(DelegatingMethodAccessorImpl.java:43)
	at java.lang.reflect.Method.invoke(Method.java:498)
	at org.testng.internal.MethodInvocationHelper.invokeMethod(MethodInvocationHelper.java:108)
	at org.testng.internal.Invoker.invokeMethod(Invoker.java:661)
	at org.testng.internal.Invoker.invokeTestMethod(Invoker.java:869)
	at org.testng.internal.Invoker.invokeTestMethods(Invoker.java:1193)
	at org.testng.internal.TestMethodWorker.invokeTestMethods(TestMethodWorker.java:126)
	at org.testng.internal.TestMethodWorker.run(TestMethodWorker.java:109)
	at org.testng.TestRunner.privateRun(TestRunner.java:744)
	at org.testng.TestRunner.run(TestRunner.java:602)
	at org.testng.SuiteRunner.runTest(SuiteRunner.java:380)
	at org.testng.SuiteRunner.runSequentially(SuiteRunner.java:375)
	at org.testng.SuiteRunner.privateRun(SuiteRunner.java:340)
	at org.testng.SuiteRunner.run(SuiteRunner.java:289)
	at org.testng.SuiteRunnerWorker.runSuite(SuiteRunnerWorker.java:52)
	at org.testng.SuiteRunnerWorker.run(SuiteRunnerWorker.java:86)
	at org.testng.TestNG.runSuitesSequentially(TestNG.java:1301)
	at org.testng.TestNG.runSuitesLocally(TestNG.java:1226)
	at org.testng.TestNG.runSuites(TestNG.java:1144)
	at org.testng.TestNG.run(TestNG.java:1115)
	at org.testng.remote.AbstractRemoteTestNG.run(AbstractRemoteTestNG.java:132)
	at org.testng.remote.RemoteTestNG.initAndRun(RemoteTestNG.java:230)
	at org.testng.remote.RemoteTestNG.main(RemoteTestNG.java:76)
]]>
    </error>
  </testcase> <!-- Veriable_Replacer -->
  <testcase name="Tools_Dropdown" time="110.013" classname="test_collection.Report_Writing_Tests"/>
</testsuite> <!-- test_collection.Report_Writing_Tests -->
