<?xml version="1.0" encoding="UTF-8"?>
<!-- Generated by org.testng.reporters.JUnitReportReporter -->
<testsuite hostname="Compumatrice" name="test_collection.Main_Appendices" tests="19" failures="0" timestamp="5 Jul 2017 12:05:37 GMT" time="2044.072" errors="0">
  <testcase name="Check_Appendices_Tab" time="120.337" classname="test_collection.Main_Appendices"/>
  <testcase name="Check_Upload_PDF" time="198.147" classname="test_collection.Main_Appendices"/>
  <testcase name="Refresh_OpenAll_CloseAll_Delete_Functionality" time="87.415" classname="test_collection.Main_Appendices"/>
  <testcase name="Add_User_Questionnaire" time="151.292" classname="test_collection.Main_Appendices"/>
  <testcase name="Add_ADA_Checklist" time="284.059" classname="test_collection.Main_Appendices"/>
  <testcase name="Add_Image" time="88.673" classname="test_collection.Main_Appendices"/>
  <testcase name="View_Image" time="64.559" classname="test_collection.Main_Appendices"/>
  <testcase name="Check_Comments_Subtab" time="51.368" classname="test_collection.Main_Appendices"/>
  <testcase name="Add_FHA_Checklist" time="152.398" classname="test_collection.Main_Appendices"/>
  <testcase name="Add_Communication_Record" time="71.964" classname="test_collection.Main_Appendices"/>
  <testcase name="Include_Exclude_Zoom_Delete_Options" time="50.737" classname="test_collection.Main_Appendices"/>
  <testcase name="Check_Section_Dropdown" time="90.042" classname="test_collection.Main_Appendices"/>
  <testcase name="Add_Comment" time="162.342" classname="test_collection.Main_Appendices"/>
  <testcase name="Drag_And_Drop_Image" time="26.673" classname="test_collection.Main_Appendices"/>
  <testcase name="login" time="24.730" classname="test_collection.Main_Appendices"/>
  <testcase name="Check_PDF_Exclude_Include_Sort_Delete" time="94.816" classname="test_collection.Main_Appendices"/>
  <testcase name="Edit_All_Option" time="96.840" classname="test_collection.Main_Appendices"/>
  <testcase name="Check_Checkboxes_Functionality" time="163.418" classname="test_collection.Main_Appendices"/>
  <testcase name="Send_Questionnaire_Email" time="64.262" classname="test_collection.Main_Appendices"/>
</testsuite> <!-- test_collection.Main_Appendices -->
