<?xml version="1.0" encoding="UTF-8"?>
<!-- Generated by org.testng.reporters.JUnitReportReporter -->
<testsuite skipped="0" hostname="H8" name="testsExecution.Tests1" tests="17" failures="0" timestamp="11 May 2017 12:38:46 GMT" time="1003.982" errors="0">
  <testcase name="testLogin" time="27.188" classname="testsExecution.Tests1"/>
  <testcase name="testMethod1" time="2.135" classname="testsExecution.Tests1"/>
  <testcase name="testMethod2" time="43.136" classname="testsExecution.Tests1"/>
  <testcase name="testMethod3" time="12.913" classname="testsExecution.Tests1"/>
  <testcase name="testMethod4" time="14.567" classname="testsExecution.Tests1"/>
  <testcase name="testMethod5" time="90.006" classname="testsExecution.Tests1"/>
  <testcase name="testMethod6" time="104.252" classname="testsExecution.Tests1"/>
  <testcase name="testMethod7" time="22.115" classname="testsExecution.Tests1"/>
  <testcase name="testMethod8" time="42.986" classname="testsExecution.Tests1"/>
  <testcase name="testMethod9" time="47.286" classname="testsExecution.Tests1"/>
  <testcase name="testMethod10" time="71.149" classname="testsExecution.Tests1"/>
  <testcase name="testMethod11" time="220.041" classname="testsExecution.Tests1"/>
  <testcase name="testMethod12" time="55.377" classname="testsExecution.Tests1"/>
  <testcase name="testMethod13" time="101.049" classname="testsExecution.Tests1"/>
  <testcase name="testMethod14" time="84.261" classname="testsExecution.Tests1"/>
  <testcase name="testMethod15" time="43.534" classname="testsExecution.Tests1"/>
  <testcase name="logoutMethod" time="21.987" classname="testsExecution.Tests1"/>
</testsuite> <!-- testsExecution.Tests1 -->
