<?xml version="1.0" encoding="UTF-8"?>
<!-- Generated by org.testng.reporters.JUnitReportReporter -->
<testsuite hostname="H8" name="testsExecution.Tests3" tests="5" failures="0" timestamp="1 Mar 2017 10:04:11 GMT" time="204.458" errors="0">
  <testcase name="testMethod38" time="46.731" classname="testsExecution.Tests3"/>
  <testcase name="testLogin" time="26.575" classname="testsExecution.Tests3"/>
  <testcase name="testMethod25" time="40.932" classname="testsExecution.Tests3"/>
  <testcase name="testMethod37" time="39.640" classname="testsExecution.Tests3"/>
  <testcase name="testMethod36" time="50.580" classname="testsExecution.Tests3"/>
</testsuite> <!-- testsExecution.Tests3 -->
