<?xml version="1.0" encoding="UTF-8"?>
<!-- Generated by org.testng.reporters.JUnitReportReporter -->
<testsuite hostname="H8" name="testsExecution.Tests1" tests="17" failures="0" timestamp="1 Mar 2017 10:04:11 GMT" time="886.222" errors="0">
  <testcase name="testMethod14" time="71.067" classname="testsExecution.Tests1"/>
  <testcase name="testMethod9" time="43.628" classname="testsExecution.Tests1"/>
  <testcase name="testMethod4" time="13.222" classname="testsExecution.Tests1"/>
  <testcase name="testMethod11" time="159.168" classname="testsExecution.Tests1"/>
  <testcase name="testMethod12" time="38.329" classname="testsExecution.Tests1"/>
  <testcase name="logoutMethod" time="20.015" classname="testsExecution.Tests1"/>
  <testcase name="testMethod7" time="17.141" classname="testsExecution.Tests1"/>
  <testcase name="testMethod13" time="85.867" classname="testsExecution.Tests1"/>
  <testcase name="testLogin" time="25.827" classname="testsExecution.Tests1"/>
  <testcase name="testMethod10" time="62.611" classname="testsExecution.Tests1"/>
  <testcase name="testMethod8" time="36.491" classname="testsExecution.Tests1"/>
  <testcase name="testMethod1" time="2.253" classname="testsExecution.Tests1"/>
  <testcase name="testMethod15" time="32.576" classname="testsExecution.Tests1"/>
  <testcase name="testMethod2" time="39.769" classname="testsExecution.Tests1"/>
  <testcase name="testMethod3" time="8.109" classname="testsExecution.Tests1"/>
  <testcase name="testMethod5" time="129.169" classname="testsExecution.Tests1"/>
  <testcase name="testMethod6" time="100.980" classname="testsExecution.Tests1"/>
</testsuite> <!-- testsExecution.Tests1 -->
