<?xml version="1.0" encoding="UTF-8"?>
<!-- Generated by org.testng.reporters.JUnitReportReporter -->
<testsuite skipped="0" hostname="H8" name="testsExecution.Tests2" tests="14" failures="0" timestamp="11 May 2017 12:38:46 GMT" time="882.559" errors="0">
  <testcase name="testLogin" time="28.236" classname="testsExecution.Tests2"/>
  <testcase name="testMethod17" time="99.091" classname="testsExecution.Tests2"/>
  <testcase name="testMethod18" time="80.791" classname="testsExecution.Tests2"/>
  <testcase name="testMethod19" time="148.224" classname="testsExecution.Tests2"/>
  <testcase name="testMethod21" time="38.329" classname="testsExecution.Tests2"/>
  <testcase name="testMethod22" time="38.435" classname="testsExecution.Tests2"/>
  <testcase name="testMethod23" time="32.512" classname="testsExecution.Tests2"/>
  <testcase name="testMethod26" time="38.112" classname="testsExecution.Tests2"/>
  <testcase name="testMethod27" time="23.661" classname="testsExecution.Tests2"/>
  <testcase name="testMethod28" time="48.772" classname="testsExecution.Tests2"/>
  <testcase name="testMethod29" time="77.872" classname="testsExecution.Tests2"/>
  <testcase name="testMethod30" time="134.995" classname="testsExecution.Tests2"/>
  <testcase name="testMethod31" time="37.695" classname="testsExecution.Tests2"/>
  <testcase name="testMethod32" time="55.834" classname="testsExecution.Tests2"/>
</testsuite> <!-- testsExecution.Tests2 -->
