<?xml version="1.0" encoding="UTF-8"?>
<!-- Generated by org.testng.reporters.JUnitReportReporter -->
<testsuite hostname="H8" name="testsExecution.Tests2" tests="2" failures="0" timestamp="1 Mar 2017 10:04:11 GMT" time="72.070" errors="0">
  <testcase name="testLogin" time="27.456" classname="testsExecution.Tests2"/>
  <testcase name="testMethod27" time="44.614" classname="testsExecution.Tests2"/>
</testsuite> <!-- testsExecution.Tests2 -->
