<?xml version="1.0" encoding="UTF-8"?>
<!-- Generated by org.testng.reporters.JUnitReportReporter -->
<testsuite hostname="H8" name="testCollection.Tests1" tests="19" failures="0" timestamp="17 Jan 2017 10:55:45 GMT" time="1828.401" errors="0">
  <testcase name="testMethod5" time="136.960" classname="testCollection.Tests1"/>
  <testcase name="testMethod15" time="266.493" classname="testCollection.Tests1"/>
  <testcase name="testMethod23" time="151.142" classname="testCollection.Tests1"/>
  <testcase name="testMethod4" time="91.838" classname="testCollection.Tests1"/>
  <testcase name="testMethod16" time="84.931" classname="testCollection.Tests1"/>
  <testcase name="testMethod24" time="67.398" classname="testCollection.Tests1"/>
  <testcase name="testMethod1" time="5.197" classname="testCollection.Tests1"/>
  <testcase name="testMethod20" time="20.069" classname="testCollection.Tests1"/>
  <testcase name="testMethod22" time="77.273" classname="testCollection.Tests1"/>
  <testcase name="testMethod17" time="67.492" classname="testCollection.Tests1"/>
  <testcase name="testMethod3" time="5.210" classname="testCollection.Tests1"/>
  <testcase name="testMethod6" time="113.008" classname="testCollection.Tests1"/>
  <testcase name="testMethod19" time="320.274" classname="testCollection.Tests1"/>
  <testcase name="testMethod18" time="50.226" classname="testCollection.Tests1"/>
  <testcase name="testLogin" time="28.572" classname="testCollection.Tests1"/>
  <testcase name="testMethod21" time="110.741" classname="testCollection.Tests1"/>
  <testcase name="testMethod2" time="108.076" classname="testCollection.Tests1"/>
  <testcase name="testMethod14" time="68.653" classname="testCollection.Tests1"/>
  <testcase name="testMethod13" time="54.848" classname="testCollection.Tests1"/>
</testsuite> <!-- testCollection.Tests1 -->
