<?xml version="1.0" encoding="UTF-8"?>
<!-- Generated by org.testng.reporters.JUnitReportReporter -->
<testsuite skipped="0" hostname="Compumatrice" name="main_file.Main_Report_Delivery" tests="14" failures="0" timestamp="16 May 2017 06:31:41 GMT" time="752.169" errors="0">
  <testcase name="login" time="22.000" classname="main_file.Main_Report_Delivery"/>
  <testcase name="Download_Report" time="96.292" classname="main_file.Main_Report_Delivery"/>
  <testcase name="View_Transmittal_Letter" time="13.972" classname="main_file.Main_Report_Delivery"/>
  <testcase name="View_Cover_Page" time="14.030" classname="main_file.Main_Report_Delivery"/>
  <testcase name="Edit_Transmittal_Letter" time="90.457" classname="main_file.Main_Report_Delivery"/>
  <testcase name="Edit_Cover_Page" time="89.187" classname="main_file.Main_Report_Delivery"/>
  <testcase name="Download_Previously_Generated_Reports" time="24.315" classname="main_file.Main_Report_Delivery"/>
  <testcase name="Upload_Document_Transmittal_Letter" time="98.536" classname="main_file.Main_Report_Delivery"/>
  <testcase name="Upload_Document_Cover_Page" time="96.655" classname="main_file.Main_Report_Delivery"/>
  <testcase name="Upload_Invalid_File_Transmittal_Letter" time="44.429" classname="main_file.Main_Report_Delivery"/>
  <testcase name="Upload_Invalid_File_Cover_Page" time="44.047" classname="main_file.Main_Report_Delivery"/>
  <testcase name="Email_Link_To_Client" time="94.318" classname="main_file.Main_Report_Delivery"/>
  <testcase name="Disable_Email_Link" time="7.568" classname="main_file.Main_Report_Delivery"/>
  <testcase name="LogOut" time="16.363" classname="main_file.Main_Report_Delivery"/>
</testsuite> <!-- main_file.Main_Report_Delivery -->
