<?xml version="1.0" encoding="UTF-8"?>
<!-- Generated by org.testng.reporters.JUnitReportReporter -->
<testsuite hostname="H8" name="testCollection.Tests1" tests="5" failures="0" timestamp="2 Mar 2017 09:54:54 GMT" time="185.851" errors="0">
  <testcase name="test3" time="51.008" classname="testCollection.Tests1"/>
  <testcase name="testLogin" time="28.199" classname="testCollection.Tests1"/>
  <testcase name="test2" time="24.905" classname="testCollection.Tests1"/>
  <testcase name="test1" time="16.532" classname="testCollection.Tests1"/>
  <testcase name="test4" time="65.207" classname="testCollection.Tests1"/>
</testsuite> <!-- testCollection.Tests1 -->
