<?xml version="1.0" encoding="UTF-8"?>
<!-- Generated by org.testng.reporters.JUnitReportReporter -->
<testsuite skipped="0" hostname="H8" name="testCollection.Tests1" tests="5" failures="0" timestamp="02 May 2017 02:45:08 GMT" time="235.742" errors="0">
  <testcase name="testLogin" time="40.707" classname="testCollection.Tests1"/>
  <testcase name="test1" time="16.089" classname="testCollection.Tests1"/>
  <testcase name="test2" time="26.848" classname="testCollection.Tests1"/>
  <testcase name="test3" time="50.618" classname="testCollection.Tests1"/>
  <testcase name="test4" time="101.480" classname="testCollection.Tests1"/>
</testsuite> <!-- testCollection.Tests1 -->
