<?xml version="1.0" encoding="UTF-8"?>
<!-- Generated by org.testng.reporters.JUnitReportReporter -->
<testsuite hostname="compumatrice" name="main_file.Main_Templates" tests="9" failures="0" timestamp="6 Mar 2017 10:07:23 GMT" time="924.110" errors="0">
  <testcase name="Shortname_Template" time="151.560" classname="main_file.Main_Templates"/>
  <testcase name="View_Report_Section_Structure_And_Define_Rules" time="61.480" classname="main_file.Main_Templates"/>
  <testcase name="Define_Dashboard" time="69.306" classname="main_file.Main_Templates"/>
  <testcase name="Edit_And_Save_All_Setup_Options_For_Template" time="213.211" classname="main_file.Main_Templates"/>
  <testcase name="Copy_Template_Into_New_Template_With_Different_Name" time="85.748" classname="main_file.Main_Templates"/>
  <testcase name="Move_Template_ToAnotherCompany_And_Delete_Template" time="233.415" classname="main_file.Main_Templates"/>
  <testcase name="LogOut" time="16.665" classname="main_file.Main_Templates"/>
  <testcase name="Make_Default_And_Rename_Template" time="68.666" classname="main_file.Main_Templates"/>
  <testcase name="login" time="24.059" classname="main_file.Main_Templates"/>
</testsuite> <!-- main_file.Main_Templates -->
