<?xml version="1.0" encoding="UTF-8"?>
<!-- Generated by org.testng.reporters.JUnitReportReporter -->
<testsuite hostname="compumatrice" name="templates_feature.Main_Templates" tests="9" failures="0" timestamp="18 Jan 2017 07:27:20 GMT" time="887.129" errors="0">
  <testcase name="Move_Template_ToAnotherCompany_And_Delete_Template" time="200.157" classname="templates_feature.Main_Templates"/>
  <testcase name="Edit_And_Save_All_Setup_Options_For_Template" time="205.179" classname="templates_feature.Main_Templates"/>
  <testcase name="Make_Default_And_Rename_Template" time="72.825" classname="templates_feature.Main_Templates"/>
  <testcase name="View_Report_Section_Structure_And_Define_Rules" time="57.092" classname="templates_feature.Main_Templates"/>
  <testcase name="Shortname_Template" time="156.718" classname="templates_feature.Main_Templates"/>
  <testcase name="Copy_Template_Into_New_Template_With_Different_Name" time="92.029" classname="templates_feature.Main_Templates"/>
  <testcase name="LogOut" time="16.712" classname="templates_feature.Main_Templates"/>
  <testcase name="login" time="22.111" classname="templates_feature.Main_Templates"/>
  <testcase name="Define_Dashboard" time="64.306" classname="templates_feature.Main_Templates"/>
</testsuite> <!-- templates_feature.Main_Templates -->
