<?xml version="1.0" encoding="UTF-8"?>
<!-- Generated by org.testng.reporters.JUnitReportReporter -->
<testsuite hostname="compumatrice" name="main_file.Main_Templates" tests="9" failures="0" timestamp="18 Jan 2017 09:52:21 GMT" time="869.288" errors="0">
  <testcase name="Make_Default_And_Rename_Template" time="67.580" classname="main_file.Main_Templates"/>
  <testcase name="Edit_And_Save_All_Setup_Options_For_Template" time="197.111" classname="main_file.Main_Templates"/>
  <testcase name="LogOut" time="16.775" classname="main_file.Main_Templates"/>
  <testcase name="Copy_Template_Into_New_Template_With_Different_Name" time="85.412" classname="main_file.Main_Templates"/>
  <testcase name="Define_Dashboard" time="64.874" classname="main_file.Main_Templates"/>
  <testcase name="Shortname_Template" time="150.158" classname="main_file.Main_Templates"/>
  <testcase name="View_Report_Section_Structure_And_Define_Rules" time="57.370" classname="main_file.Main_Templates"/>
  <testcase name="Move_Template_ToAnotherCompany_And_Delete_Template" time="206.426" classname="main_file.Main_Templates"/>
  <testcase name="login" time="23.582" classname="main_file.Main_Templates"/>
</testsuite> <!-- main_file.Main_Templates -->
