<?xml version="1.0" encoding="UTF-8"?>
<!-- Generated by org.testng.reporters.JUnitReportReporter -->
<testsuite hostname="compumatrice" name="main_file.Main_Templates" tests="9" failures="0" timestamp="10 Apr 2017 12:05:21 GMT" time="1009.013" errors="0">
  <testcase name="Copy_Template_Into_New_Template_With_Different_Name" time="88.325" classname="main_file.Main_Templates"/>
  <testcase name="Edit_And_Save_All_Setup_Options_For_Template" time="250.308" classname="main_file.Main_Templates"/>
  <testcase name="Make_Default_And_Rename_Template" time="66.975" classname="main_file.Main_Templates"/>
  <testcase name="Shortname_Template" time="156.870" classname="main_file.Main_Templates"/>
  <testcase name="login" time="24.187" classname="main_file.Main_Templates"/>
  <testcase name="Move_Template_ToAnotherCompany_And_Delete_Template" time="278.540" classname="main_file.Main_Templates"/>
  <testcase name="View_Report_Section_Structure_And_Define_Rules" time="60.873" classname="main_file.Main_Templates"/>
  <testcase name="LogOut" time="17.142" classname="main_file.Main_Templates"/>
  <testcase name="Define_Dashboard" time="65.793" classname="main_file.Main_Templates"/>
</testsuite> <!-- main_file.Main_Templates -->
