<?xml version="1.0" encoding="UTF-8"?>
<!-- Generated by org.testng.reporters.JUnitReportReporter -->
<testsuite hostname="H8" name="testColection.Tests1" tests="14" failures="0" timestamp="12 Jan 2017 13:12:03 GMT" time="1155.426" errors="0">
  <testcase name="test09" time="34.280" classname="testColection.Tests1"/>
  <testcase name="test05" time="60.275" classname="testColection.Tests1"/>
  <testcase name="test02" time="51.075" classname="testColection.Tests1"/>
  <testcase name="test06" time="18.149" classname="testColection.Tests1"/>
  <testcase name="test07" time="131.533" classname="testColection.Tests1"/>
  <testcase name="test12" time="20.345" classname="testColection.Tests1"/>
  <testcase name="test11" time="44.402" classname="testColection.Tests1"/>
  <testcase name="testLogin" time="33.138" classname="testColection.Tests1"/>
  <testcase name="test08" time="56.883" classname="testColection.Tests1"/>
  <testcase name="test13" time="191.194" classname="testColection.Tests1"/>
  <testcase name="test01" time="115.269" classname="testColection.Tests1"/>
  <testcase name="test03" time="184.328" classname="testColection.Tests1"/>
  <testcase name="test04" time="13.122" classname="testColection.Tests1"/>
  <testcase name="test10" time="201.433" classname="testColection.Tests1"/>
</testsuite> <!-- testColection.Tests1 -->
