<?xml version="1.0" encoding="UTF-8"?>
<!-- Generated by org.testng.reporters.JUnitReportReporter -->
<testsuite skipped="0" hostname="H8" name="testColection.Tests1" tests="12" failures="0" timestamp="26 May 2017 09:52:51 GMT" time="1069.479" errors="0">
  <testcase name="TestLogin" time="31.990" classname="testColection.Tests1"/>
  <testcase name="TestMethod1" time="29.496" classname="testColection.Tests1"/>
  <testcase name="TestMethod2" time="109.175" classname="testColection.Tests1"/>
  <testcase name="TestMethod3" time="162.774" classname="testColection.Tests1"/>
  <testcase name="TestMethod4" time="195.388" classname="testColection.Tests1"/>
  <testcase name="TestMethod5" time="187.204" classname="testColection.Tests1"/>
  <testcase name="TestMethod6" time="72.820" classname="testColection.Tests1"/>
  <testcase name="TestMethod7" time="64.505" classname="testColection.Tests1"/>
  <testcase name="TestMethod8" time="23.669" classname="testColection.Tests1"/>
  <testcase name="TestMethod9" time="61.952" classname="testColection.Tests1"/>
  <testcase name="TestMethod10" time="53.787" classname="testColection.Tests1"/>
  <testcase name="TestMethod11" time="76.719" classname="testColection.Tests1"/>
</testsuite> <!-- testColection.Tests1 -->
