<?xml version="1.0" encoding="UTF-8"?>
<!-- Generated by org.testng.reporters.JUnitReportReporter -->
<testsuite skipped="0" hostname="H8" name="testColection.Tests1" tests="3" failures="0" timestamp="26 May 2017 11:38:01 GMT" time="166.291" errors="0">
  <testcase name="testLogin" time="30.988" classname="testColection.Tests1"/>
  <testcase name="test01" time="9.771" classname="testColection.Tests1"/>
  <testcase name="test02" time="125.532" classname="testColection.Tests1"/>
</testsuite> <!-- testColection.Tests1 -->
