<?xml version="1.0" encoding="UTF-8"?>
<testsuite name="TestSuite" time="2,044.075" tests="19" errors="0" skipped="0" failures="0">
  <properties>
    <property name="java.runtime.name" value="Java(TM) SE Runtime Environment"/>
    <property name="sun.boot.library.path" value="C:\Program Files\Java\jdk1.8.0_131\jre\bin"/>
    <property name="java.vm.version" value="25.131-b11"/>
    <property name="java.vm.vendor" value="Oracle Corporation"/>
    <property name="maven.multiModuleProjectDirectory" value="D:\Parcel Automation\Appendices_Feature_Maven"/>
    <property name="java.vendor.url" value="http://java.oracle.com/"/>
    <property name="path.separator" value=";"/>
    <property name="guice.disable.misplaced.annotation.check" value="true"/>
    <property name="java.vm.name" value="Java HotSpot(TM) 64-Bit Server VM"/>
    <property name="file.encoding.pkg" value="sun.io"/>
    <property name="user.script" value=""/>
    <property name="user.country" value="US"/>
    <property name="sun.java.launcher" value="SUN_STANDARD"/>
    <property name="sun.os.patch.level" value=""/>
    <property name="java.vm.specification.name" value="Java Virtual Machine Specification"/>
    <property name="user.dir" value="D:\Parcel Automation\Appendices_Feature_Maven"/>
    <property name="java.runtime.version" value="1.8.0_131-b11"/>
    <property name="java.awt.graphicsenv" value="sun.awt.Win32GraphicsEnvironment"/>
    <property name="java.endorsed.dirs" value="C:\Program Files\Java\jdk1.8.0_131\jre\lib\endorsed"/>
    <property name="os.arch" value="amd64"/>
    <property name="java.io.tmpdir" value="C:\Users\RAHUL_~1\AppData\Local\Temp\"/>
    <property name="line.separator" value="&#10;"/>
    <property name="java.vm.specification.vendor" value="Oracle Corporation"/>
    <property name="user.variant" value=""/>
    <property name="os.name" value="Windows 8.1"/>
    <property name="classworlds.conf" value="D:\Parcel Automation\.metadata\.plugins\org.eclipse.m2e.launching\launches\m2conf7300389490348670308.tmp"/>
    <property name="sun.jnu.encoding" value="Cp1252"/>
    <property name="java.library.path" value="C:\Program Files\Java\jdk1.8.0_131\bin;C:\Windows\Sun\Java\bin;C:\Windows\system32;C:\Windows;C:/Program Files/Java/jdk1.8.0_131/bin/../jre/bin/server;C:/Program Files/Java/jdk1.8.0_131/bin/../jre/bin;C:/Program Files/Java/jdk1.8.0_131/bin/../jre/lib/amd64;C:\Program Files\Java\jdk1.8.0_131\bin;C:\ProgramData\Oracle\Java\javapath;C:\Windows\system32;C:\Windows;C:\Windows\System32\Wbem;C:\Windows\System32\WindowsPowerShell\v1.0\;C:\Program Files (x86)\Android\android-sdk\platform-tools;C:\Program Files (x86)\Android\android-sdk\tools;C:\Program Files\nodejs\;C:\Program Files\Git\cmd;C:\Program Files (x86)\Android\android-sdk\build-tools;C:\Program Files (x86)\Android\android-sdk\build-tools\22.0.1;C:\Program Files\apache-maven-3.5.0\bin;C:\Users\rahul_000\AppData\Roaming\npm;C:\Program Files\Docker Toolbox;D:\Tools\Eclipse Neon-3;;."/>
    <property name="java.specification.name" value="Java Platform API Specification"/>
    <property name="java.class.version" value="52.0"/>
    <property name="sun.management.compiler" value="HotSpot 64-Bit Tiered Compilers"/>
    <property name="os.version" value="6.3"/>
    <property name="user.home" value="C:\Users\rahul_000"/>
    <property name="user.timezone" value="Asia/Calcutta"/>
    <property name="java.awt.printerjob" value="sun.awt.windows.WPrinterJob"/>
    <property name="java.specification.version" value="1.8"/>
    <property name="file.encoding" value="Cp1252"/>
    <property name="user.name" value="rahul_000"/>
    <property name="java.class.path" value="/D:/Tools/Eclipse Neon-3/plugins/org.eclipse.m2e.maven.runtime_1.7.0.20160603-1931/jars/plexus-classworlds-2.5.2.jar"/>
    <property name="java.vm.specification.version" value="1.8"/>
    <property name="sun.arch.data.model" value="64"/>
    <property name="java.home" value="C:\Program Files\Java\jdk1.8.0_131\jre"/>
    <property name="sun.java.command" value="org.codehaus.plexus.classworlds.launcher.Launcher -B test"/>
    <property name="java.specification.vendor" value="Oracle Corporation"/>
    <property name="user.language" value="en"/>
    <property name="awt.toolkit" value="sun.awt.windows.WToolkit"/>
    <property name="java.vm.info" value="mixed mode"/>
    <property name="java.version" value="1.8.0_131"/>
    <property name="java.ext.dirs" value="C:\Program Files\Java\jdk1.8.0_131\jre\lib\ext;C:\Windows\Sun\Java\lib\ext"/>
    <property name="sun.boot.class.path" value="C:\Program Files\Java\jdk1.8.0_131\jre\lib\resources.jar;C:\Program Files\Java\jdk1.8.0_131\jre\lib\rt.jar;C:\Program Files\Java\jdk1.8.0_131\jre\lib\sunrsasign.jar;C:\Program Files\Java\jdk1.8.0_131\jre\lib\jsse.jar;C:\Program Files\Java\jdk1.8.0_131\jre\lib\jce.jar;C:\Program Files\Java\jdk1.8.0_131\jre\lib\charsets.jar;C:\Program Files\Java\jdk1.8.0_131\jre\lib\jfr.jar;C:\Program Files\Java\jdk1.8.0_131\jre\classes"/>
    <property name="java.vendor" value="Oracle Corporation"/>
    <property name="maven.home" value="D:\Parcel Automation\Appendices_Feature_Maven\EMBEDDED"/>
    <property name="file.separator" value="\"/>
    <property name="java.vendor.url.bug" value="http://bugreport.sun.com/bugreport/"/>
    <property name="sun.cpu.endian" value="little"/>
    <property name="sun.io.unicode.encoding" value="UnicodeLittle"/>
    <property name="sun.desktop" value="windows"/>
    <property name="sun.cpu.isalist" value="amd64"/>
  </properties>
  <testcase name="login" classname="test_collection.Main_Appendices" time="24.731"/>
  <testcase name="Check_Appendices_Tab" classname="test_collection.Main_Appendices" time="120.335"/>
  <testcase name="Add_Image" classname="test_collection.Main_Appendices" time="88.674"/>
  <testcase name="Drag_And_Drop_Image" classname="test_collection.Main_Appendices" time="26.671"/>
  <testcase name="View_Image" classname="test_collection.Main_Appendices" time="64.56"/>
  <testcase name="Edit_All_Option" classname="test_collection.Main_Appendices" time="96.841"/>
  <testcase name="Include_Exclude_Zoom_Delete_Options" classname="test_collection.Main_Appendices" time="50.738"/>
  <testcase name="Check_Upload_PDF" classname="test_collection.Main_Appendices" time="198.147"/>
  <testcase name="Check_PDF_Exclude_Include_Sort_Delete" classname="test_collection.Main_Appendices" time="94.816"/>
  <testcase name="Check_Comments_Subtab" classname="test_collection.Main_Appendices" time="51.367"/>
  <testcase name="Add_Comment" classname="test_collection.Main_Appendices" time="162.343"/>
  <testcase name="Check_Section_Dropdown" classname="test_collection.Main_Appendices" time="90.042"/>
  <testcase name="Check_Checkboxes_Functionality" classname="test_collection.Main_Appendices" time="163.419"/>
  <testcase name="Refresh_OpenAll_CloseAll_Delete_Functionality" classname="test_collection.Main_Appendices" time="87.414"/>
  <testcase name="Add_Communication_Record" classname="test_collection.Main_Appendices" time="71.964"/>
  <testcase name="Add_ADA_Checklist" classname="test_collection.Main_Appendices" time="284.059"/>
  <testcase name="Add_FHA_Checklist" classname="test_collection.Main_Appendices" time="152.399"/>
  <testcase name="Add_User_Questionnaire" classname="test_collection.Main_Appendices" time="151.292"/>
  <testcase name="Send_Questionnaire_Email" classname="test_collection.Main_Appendices" time="64.263"/>
</testsuite>