<?xml version="1.0" encoding="UTF-8"?>
<!-- Generated by org.testng.reporters.JUnitReportReporter -->
<testsuite hostname="Compumatrice" name="main_file.Main_Templates" tests="9" failures="0" timestamp="27 Jul 2017 06:42:27 GMT" time="375.278" errors="0">
  <testcase name="LogOut" time="16.467" classname="main_file.Main_Templates"/>
  <testcase name="login" time="14.569" classname="main_file.Main_Templates"/>
  <testcase name="Edit_And_Save_All_Setup_Options_For_Template" time="82.333" classname="main_file.Main_Templates"/>
  <testcase name="Define_Dashboard" time="17.888" classname="main_file.Main_Templates"/>
  <testcase name="Shortname_Template" time="48.232" classname="main_file.Main_Templates"/>
  <testcase name="Make_Default_And_Rename_Template" time="23.532" classname="main_file.Main_Templates"/>
  <testcase name="Copy_Template_Into_New_Template_With_Different_Name" time="55.814" classname="main_file.Main_Templates"/>
  <testcase name="View_Report_Section_Structure_And_Define_Rules" time="32.213" classname="main_file.Main_Templates"/>
  <testcase name="Move_Template_ToAnotherCompany_And_Delete_Template" time="84.230" classname="main_file.Main_Templates"/>
</testsuite> <!-- main_file.Main_Templates -->
