<?xml version="1.0" encoding="UTF-8"?>
<!-- Generated by org.testng.reporters.JUnitReportReporter -->
<testsuite hostname="compumatrice" name="project_List_Grid_Feature.Main_Grid" tests="17" failures="0" timestamp="6 Mar 2017 09:46:45 GMT" time="6928.529" errors="0">
  <testcase name="Check_Start_Menus" time="86.108" classname="project_List_Grid_Feature.Main_Grid"/>
  <testcase name="Check_Recently_Viewed_Reports" time="185.635" classname="project_List_Grid_Feature.Main_Grid"/>
  <testcase name="Check_Company_Logo" time="138.939" classname="project_List_Grid_Feature.Main_Grid"/>
  <testcase name="search_project" time="262.926" classname="project_List_Grid_Feature.Main_Grid"/>
  <testcase name="Search_Project_Dropdown" time="138.345" classname="project_List_Grid_Feature.Main_Grid"/>
  <testcase name="Check_Support_Help_Button" time="119.786" classname="project_List_Grid_Feature.Main_Grid"/>
  <testcase name="allreports_list" time="9.249" classname="project_List_Grid_Feature.Main_Grid"/>
  <testcase name="Check_calendar" time="135.972" classname="project_List_Grid_Feature.Main_Grid"/>
  <testcase name="Check_Grid_Control" time="330.879" classname="project_List_Grid_Feature.Main_Grid"/>
  <testcase name="Check_Other_Menus" time="355.100" classname="project_List_Grid_Feature.Main_Grid"/>
  <testcase name="create_project" time="54.112" classname="project_List_Grid_Feature.Main_Grid"/>
  <testcase name="check_project" time="166.554" classname="project_List_Grid_Feature.Main_Grid"/>
  <testcase name="Check_status" time="56.149" classname="project_List_Grid_Feature.Main_Grid"/>
  <testcase name="Check_Header_Menus" time="3983.973" classname="project_List_Grid_Feature.Main_Grid"/>
  <testcase name="Check_Page_Headers" time="764.148" classname="project_List_Grid_Feature.Main_Grid"/>
  <testcase name="Date_Range" time="117.147" classname="project_List_Grid_Feature.Main_Grid"/>
  <testcase name="login" time="23.507" classname="project_List_Grid_Feature.Main_Grid"/>
</testsuite> <!-- project_List_Grid_Feature.Main_Grid -->
