<?xml version="1.0" encoding="UTF-8"?>
<!-- Generated by org.testng.reporters.JUnitReportReporter -->
<testsuite hostname="compumatrice" name="project_List_Grid_Feature.Main_Grid" tests="6" failures="0" timestamp="11 Jan 2017 09:38:03 GMT" time="1174.780" errors="0">
  <testcase name="login" time="23.534" classname="project_List_Grid_Feature.Main_Grid"/>
  <testcase name="Check_Other_Menus" time="331.326" classname="project_List_Grid_Feature.Main_Grid"/>
  <testcase name="Check_Page_Headers" time="619.528" classname="project_List_Grid_Feature.Main_Grid"/>
  <testcase name="Check_Start_Menus" time="76.406" classname="project_List_Grid_Feature.Main_Grid"/>
  <testcase name="Check_Support_Help_Button" time="115.251" classname="project_List_Grid_Feature.Main_Grid"/>
  <testcase name="allreports_list" time="8.735" classname="project_List_Grid_Feature.Main_Grid"/>
</testsuite> <!-- project_List_Grid_Feature.Main_Grid -->
